0 info it worked if it ends with ok
1 verbose cli [ 'D:\\Program Files\\nodejs\\node.exe',
1 verbose cli   'C:\\Users\\kunl\\AppData\\Roaming\\npm\\node_modules\\npm\\bin\\npm-cli.js',
1 verbose cli   'run',
1 verbose cli   'nodemon' ]
2 info using npm@3.10.9
3 info using node@v7.0.0
4 verbose run-script [ 'prenodemon', 'nodemon', 'postnodemon' ]
5 info lifecycle blog@0.0.0~prenodemon: blog@0.0.0
6 silly lifecycle blog@0.0.0~prenodemon: no script for prenodemon, continuing
7 info lifecycle blog@0.0.0~nodemon: blog@0.0.0
8 verbose lifecycle blog@0.0.0~nodemon: unsafe-perm in lifecycle true
9 verbose lifecycle blog@0.0.0~nodemon: PATH: C:\Users\kunl\AppData\Roaming\npm\node_modules\npm\bin\node-gyp-bin;D:\code\ng2-blog\node_modules\.bin;C:\Users\kunl\AppData\Roaming\npm\node_modules\npm\bin\node-gyp-bin;D:\code\ng2-blog\node_modules\.bin;C:\Users\kunl\bin;D:\Program Files\Git\mingw64\bin;D:\Program Files\Git\usr\local\bin;D:\Program Files\Git\usr\bin;D:\Program Files\Git\usr\bin;D:\Program Files\Git\mingw64\bin;D:\Program Files\Git\usr\bin;C:\Users\kunl\bin;C:\Program Files (x86)\Python35-32\Scripts;C:\Program Files (x86)\Python35-32;C:\WINDOWS\system32;C:\WINDOWS;C:\WINDOWS\System32\Wbem;C:\WINDOWS\System32\WindowsPowerShell\v1.0;D:\Program Files\nodejs;D:\Program Files\TortoiseSVN\bin;D:\MongoDB\Server\3.3\bin;D:\user\softer\Sublime Text;D:\Program Files\Git\cmd;D:\Program Files\nodejs;D:\Program Files\Java\jdk1.8.0_111\bin;D:\Program Files\Java\jdk1.8.0_111\jre\bin;D:\Program Files (x86)\Microsoft VS Code Insiders\bin;C:\Users\kunl\AppData\Local\Microsoft\WindowsApps;C:\Users\kunl\AppData\Roaming\npm;D:\Program Files\Git\usr\bin\vendor_perl;D:\Program Files\Git\usr\bin\core_perl
10 verbose lifecycle blog@0.0.0~nodemon: CWD: D:\code\ng2-blog
11 silly lifecycle blog@0.0.0~nodemon: Args: [ '/d /s /c', 'nodemon' ]
12 silly lifecycle blog@0.0.0~nodemon: Returned: code: 1  signal: null
13 info lifecycle blog@0.0.0~nodemon: Failed to exec nodemon script
14 verbose stack Error: blog@0.0.0 nodemon: `nodemon`
14 verbose stack Exit status 1
14 verbose stack     at EventEmitter.<anonymous> (C:\Users\kunl\AppData\Roaming\npm\node_modules\npm\lib\utils\lifecycle.js:255:16)
14 verbose stack     at emitTwo (events.js:106:13)
14 verbose stack     at EventEmitter.emit (events.js:191:7)
14 verbose stack     at ChildProcess.<anonymous> (C:\Users\kunl\AppData\Roaming\npm\node_modules\npm\lib\utils\spawn.js:40:14)
14 verbose stack     at emitTwo (events.js:106:13)
14 verbose stack     at ChildProcess.emit (events.js:191:7)
14 verbose stack     at maybeClose (internal/child_process.js:877:16)
14 verbose stack     at Process.ChildProcess._handle.onexit (internal/child_process.js:226:5)
15 verbose pkgid blog@0.0.0
16 verbose cwd D:\code\ng2-blog
17 error Windows_NT 10.0.14393
18 error argv "D:\\Program Files\\nodejs\\node.exe" "C:\\Users\\kunl\\AppData\\Roaming\\npm\\node_modules\\npm\\bin\\npm-cli.js" "run" "nodemon"
19 error node v7.0.0
20 error npm  v3.10.9
21 error code ELIFECYCLE
22 error blog@0.0.0 nodemon: `nodemon`
22 error Exit status 1
23 error Failed at the blog@0.0.0 nodemon script 'nodemon'.
23 error Make sure you have the latest version of node.js and npm installed.
23 error If you do, this is most likely a problem with the blog package,
23 error not with npm itself.
23 error Tell the author that this fails on your system:
23 error     nodemon
23 error You can get information on how to open an issue for this project with:
23 error     npm bugs blog
23 error Or if that isn't available, you can get their info via:
23 error     npm owner ls blog
23 error There is likely additional logging output above.
24 verbose exit [ 1, true ]
